

Started GET "/" for 127.0.0.1 at 2015-04-09 11:47:09 +0530

ActiveRecord::PendingMigrationError (Migrations are pending; run 'bin/rake db:migrate RAILS_ENV=development' to resolve this issue.):
  activerecord (4.0.4) lib/active_record/migration.rb:383:in `check_pending!'
  activerecord (4.0.4) lib/active_record/migration.rb:370:in `call'
  actionpack (4.0.4) lib/action_dispatch/middleware/callbacks.rb:29:in `block in call'
  activesupport (4.0.4) lib/active_support/callbacks.rb:373:in `_run__398384071__call__callbacks'
  activesupport (4.0.4) lib/active_support/callbacks.rb:80:in `run_callbacks'
  actionpack (4.0.4) lib/action_dispatch/middleware/callbacks.rb:27:in `call'
  actionpack (4.0.4) lib/action_dispatch/middleware/reloader.rb:64:in `call'
  actionpack (4.0.4) lib/action_dispatch/middleware/remote_ip.rb:76:in `call'
  actionpack (4.0.4) lib/action_dispatch/middleware/debug_exceptions.rb:17:in `call'
  actionpack (4.0.4) lib/action_dispatch/middleware/show_exceptions.rb:30:in `call'
  railties (4.0.4) lib/rails/rack/logger.rb:38:in `call_app'
  railties (4.0.4) lib/rails/rack/logger.rb:20:in `block in call'
  activesupport (4.0.4) lib/active_support/tagged_logging.rb:68:in `block in tagged'
  activesupport (4.0.4) lib/active_support/tagged_logging.rb:26:in `tagged'
  activesupport (4.0.4) lib/active_support/tagged_logging.rb:68:in `tagged'
  railties (4.0.4) lib/rails/rack/logger.rb:20:in `call'
  actionpack (4.0.4) lib/action_dispatch/middleware/request_id.rb:21:in `call'
  rack (1.5.2) lib/rack/methodoverride.rb:21:in `call'
  rack (1.5.2) lib/rack/runtime.rb:17:in `call'
  activesupport (4.0.4) lib/active_support/cache/strategy/local_cache.rb:83:in `call'
  rack (1.5.2) lib/rack/lock.rb:17:in `call'
  actionpack (4.0.4) lib/action_dispatch/middleware/static.rb:64:in `call'
  rack (1.5.2) lib/rack/sendfile.rb:112:in `call'
  railties (4.0.4) lib/rails/engine.rb:511:in `call'
  railties (4.0.4) lib/rails/application.rb:97:in `call'
  rack (1.5.2) lib/rack/lock.rb:17:in `call'
  rack (1.5.2) lib/rack/content_length.rb:14:in `call'
  rack (1.5.2) lib/rack/handler/webrick.rb:60:in `service'
  /home/user/.rvm/rubies/ruby-2.1.0/lib/ruby/2.1.0/webrick/httpserver.rb:138:in `service'
  /home/user/.rvm/rubies/ruby-2.1.0/lib/ruby/2.1.0/webrick/httpserver.rb:94:in `run'
  /home/user/.rvm/rubies/ruby-2.1.0/lib/ruby/2.1.0/webrick/server.rb:295:in `block in start_thread'


  Rendered /home/user/.rvm/gems/ruby-2.1.0/gems/actionpack-4.0.4/lib/action_dispatch/middleware/templates/rescues/_source.erb (0.6ms)
  Rendered /home/user/.rvm/gems/ruby-2.1.0/gems/actionpack-4.0.4/lib/action_dispatch/middleware/templates/rescues/_trace.erb (0.9ms)
  Rendered /home/user/.rvm/gems/ruby-2.1.0/gems/actionpack-4.0.4/lib/action_dispatch/middleware/templates/rescues/_request_and_response.erb (0.8ms)
  Rendered /home/user/.rvm/gems/ruby-2.1.0/gems/actionpack-4.0.4/lib/action_dispatch/middleware/templates/rescues/diagnostics.erb within rescues/layout (13.3ms)
  [1m[36m (74.7ms)[0m  [1mCREATE TABLE "schema_migrations" ("version" varchar(255) NOT NULL) [0m
  [1m[35m (74.8ms)[0m  CREATE UNIQUE INDEX "unique_schema_migrations" ON "schema_migrations" ("version")
  [1m[36mActiveRecord::SchemaMigration Load (0.2ms)[0m  [1mSELECT "schema_migrations".* FROM "schema_migrations"[0m
Migrating to CreateEntries (20140702152650)
  [1m[35m (0.1ms)[0m  begin transaction
  [1m[36m (0.5ms)[0m  [1mCREATE TABLE "entries" ("id" INTEGER PRIMARY KEY AUTOINCREMENT NOT NULL, "name" varchar(255), "winner" boolean, "created_at" datetime, "updated_at" datetime) [0m
  [1m[35mSQL (0.1ms)[0m  INSERT INTO "schema_migrations" ("version") VALUES (?)  [["version", "20140702152650"]]
  [1m[36m (72.0ms)[0m  [1mcommit transaction[0m
  [1m[35mActiveRecord::SchemaMigration Load (0.1ms)[0m  SELECT "schema_migrations".* FROM "schema_migrations"


Started GET "/" for 127.0.0.1 at 2015-04-09 11:47:34 +0530
  [1m[36mActiveRecord::SchemaMigration Load (0.1ms)[0m  [1mSELECT "schema_migrations".* FROM "schema_migrations"[0m
Processing by RaffleController#index as HTML
  Rendered raffle/index.html.erb within layouts/application (0.9ms)
Completed 200 OK in 341ms (Views: 332.4ms | ActiveRecord: 0.0ms)


Started GET "/assets/entries.css?body=1" for 127.0.0.1 at 2015-04-09 11:47:34 +0530


Started GET "/assets/application.css?body=1" for 127.0.0.1 at 2015-04-09 11:47:34 +0530


Started GET "/assets/entries.js?body=1" for 127.0.0.1 at 2015-04-09 11:47:34 +0530


Started GET "/assets/raffle.css?body=1" for 127.0.0.1 at 2015-04-09 11:47:34 +0530


Started GET "/assets/angular.js?body=1" for 127.0.0.1 at 2015-04-09 11:47:34 +0530


Started GET "/assets/raffle.js?body=1" for 127.0.0.1 at 2015-04-09 11:47:34 +0530


Started GET "/assets/angular-resource.js?body=1" for 127.0.0.1 at 2015-04-09 11:47:34 +0530


Started GET "/assets/application.js?body=1" for 127.0.0.1 at 2015-04-09 11:47:34 +0530


Started GET "/entries.json" for 127.0.0.1 at 2015-04-09 11:47:34 +0530
Processing by EntriesController#index as JSON
  [1m[35mEntry Load (0.1ms)[0m  SELECT "entries".* FROM "entries"
Completed 200 OK in 4ms (Views: 0.4ms | ActiveRecord: 0.1ms)
  [1m[36mActiveRecord::SchemaMigration Load (0.1ms)[0m  [1mSELECT "schema_migrations".* FROM "schema_migrations"[0m
  [1m[35mActiveRecord::SchemaMigration Load (0.1ms)[0m  SELECT "schema_migrations".* FROM "schema_migrations"


Started GET "/" for 127.0.0.1 at 2015-04-09 12:19:09 +0530
  [1m[36mActiveRecord::SchemaMigration Load (0.1ms)[0m  [1mSELECT "schema_migrations".* FROM "schema_migrations"[0m
Processing by RaffleController#index as HTML
  Rendered raffle/index.html.erb within layouts/application (1.7ms)
Completed 200 OK in 93ms (Views: 83.0ms | ActiveRecord: 0.0ms)


Started GET "/" for 127.0.0.1 at 2015-04-09 12:19:10 +0530
Processing by RaffleController#index as HTML
  Rendered raffle/index.html.erb within layouts/application (0.1ms)
Completed 200 OK in 6ms (Views: 4.8ms | ActiveRecord: 0.0ms)


Started GET "/assets/raffle.css?body=1" for 127.0.0.1 at 2015-04-09 12:19:10 +0530


Started GET "/assets/angular.js?body=1" for 127.0.0.1 at 2015-04-09 12:19:10 +0530


Started GET "/assets/entries.css?body=1" for 127.0.0.1 at 2015-04-09 12:19:10 +0530


Started GET "/assets/application.css?body=1" for 127.0.0.1 at 2015-04-09 12:19:10 +0530


Started GET "/assets/entries.js?body=1" for 127.0.0.1 at 2015-04-09 12:19:10 +0530


Started GET "/assets/angular-resource.js?body=1" for 127.0.0.1 at 2015-04-09 12:19:10 +0530


Started GET "/assets/raffle.js?body=1" for 127.0.0.1 at 2015-04-09 12:19:10 +0530


Started GET "/assets/application.js?body=1" for 127.0.0.1 at 2015-04-09 12:19:10 +0530


Started GET "/entries.json" for 127.0.0.1 at 2015-04-09 12:19:10 +0530
Processing by EntriesController#index as JSON
  [1m[35mEntry Load (0.2ms)[0m  SELECT "entries".* FROM "entries"
Completed 200 OK in 7ms (Views: 0.5ms | ActiveRecord: 0.2ms)
